<?xml version="1.0" encoding="UTF-8"?>
<!-- Generated by org.testng.reporters.JUnitReportReporter -->
<testsuite hostname="WBOX62" failures="0" tests="1" name="com.SvgGraphElement.ComplexSVGGraph" time="79.544" errors="0" timestamp="14 Aug 2024 08:17:48 GMT" skipped="0">
  <testcase classname="com.SvgGraphElement.ComplexSVGGraph" name="getSvgGraph" time="79.544"/>
</testsuite> <!-- com.SvgGraphElement.ComplexSVGGraph -->
