<?xml version="1.0" encoding="UTF-8"?>
<!-- Generated by org.testng.reporters.JUnitReportReporter -->
<testsuite hostname="WBOX62" failures="0" tests="1" name="ComparePDF.PDF01.PDFReader" time="2.236" errors="0" timestamp="08 Aug 2024 14:11:06 GMT" skipped="0">
  <testcase classname="ComparePDF.PDF01.PDFReader" name="readPDFFile" time="2.236"/>
</testsuite> <!-- ComparePDF.PDF01.PDFReader -->
